03-Jun-2021 17:14:36.703 INFO [main] org.apache.catalina.core.ApplicationContext.log ContextListener: contextInitialized()
03-Jun-2021 17:14:36.703 INFO [main] org.apache.catalina.core.ApplicationContext.log SessionListener: contextInitialized()
03-Jun-2021 17:14:36.709 INFO [main] org.apache.catalina.core.ApplicationContext.log ContextListener: attributeAdded('StockTicker', 'async.Stockticker@5b1f29fa')
03-Jun-2021 17:17:08.152 INFO [Catalina-utility-2] org.apache.catalina.core.ApplicationContext.log SessionListener: contextDestroyed()
03-Jun-2021 17:17:08.152 INFO [Catalina-utility-2] org.apache.catalina.core.ApplicationContext.log ContextListener: contextDestroyed()
03-Jun-2021 17:19:07.642 INFO [main] org.apache.catalina.core.ApplicationContext.log ContextListener: contextInitialized()
03-Jun-2021 17:19:07.642 INFO [main] org.apache.catalina.core.ApplicationContext.log SessionListener: contextInitialized()
03-Jun-2021 17:19:07.644 INFO [main] org.apache.catalina.core.ApplicationContext.log ContextListener: attributeAdded('StockTicker', 'async.Stockticker@11981797')
03-Jun-2021 17:33:09.861 INFO [Thread-4] org.apache.catalina.core.ApplicationContext.log SessionListener: contextDestroyed()
03-Jun-2021 17:33:09.862 INFO [Thread-4] org.apache.catalina.core.ApplicationContext.log ContextListener: contextDestroyed()
03-Jun-2021 17:33:21.538 INFO [main] org.apache.catalina.core.ApplicationContext.log ContextListener: contextInitialized()
03-Jun-2021 17:33:21.539 INFO [main] org.apache.catalina.core.ApplicationContext.log SessionListener: contextInitialized()
03-Jun-2021 17:33:21.542 INFO [main] org.apache.catalina.core.ApplicationContext.log ContextListener: attributeAdded('StockTicker', 'async.Stockticker@1494b84d')
03-Jun-2021 17:39:01.459 INFO [Thread-5] org.apache.catalina.core.ApplicationContext.log SessionListener: contextDestroyed()
03-Jun-2021 17:39:01.460 INFO [Thread-5] org.apache.catalina.core.ApplicationContext.log ContextListener: contextDestroyed()
03-Jun-2021 17:46:09.506 INFO [main] org.apache.catalina.core.ApplicationContext.log ContextListener: contextInitialized()
03-Jun-2021 17:46:09.506 INFO [main] org.apache.catalina.core.ApplicationContext.log SessionListener: contextInitialized()
03-Jun-2021 17:46:09.509 INFO [main] org.apache.catalina.core.ApplicationContext.log ContextListener: attributeAdded('StockTicker', 'async.Stockticker@d1f74b8')
03-Jun-2021 17:50:17.992 INFO [Thread-5] org.apache.catalina.core.ApplicationContext.log SessionListener: contextDestroyed()
03-Jun-2021 17:50:17.992 INFO [Thread-5] org.apache.catalina.core.ApplicationContext.log ContextListener: contextDestroyed()
03-Jun-2021 17:50:27.759 INFO [main] org.apache.catalina.core.ApplicationContext.log ContextListener: contextInitialized()
03-Jun-2021 17:50:27.759 INFO [main] org.apache.catalina.core.ApplicationContext.log SessionListener: contextInitialized()
03-Jun-2021 17:50:27.764 INFO [main] org.apache.catalina.core.ApplicationContext.log ContextListener: attributeAdded('StockTicker', 'async.Stockticker@3277e499')
03-Jun-2021 17:56:37.478 INFO [Thread-5] org.apache.catalina.core.ApplicationContext.log SessionListener: contextDestroyed()
03-Jun-2021 17:56:37.479 INFO [Thread-5] org.apache.catalina.core.ApplicationContext.log ContextListener: contextDestroyed()
03-Jun-2021 17:57:01.480 INFO [main] org.apache.catalina.core.ApplicationContext.log ContextListener: contextInitialized()
03-Jun-2021 17:57:01.481 INFO [main] org.apache.catalina.core.ApplicationContext.log SessionListener: contextInitialized()
03-Jun-2021 17:57:01.483 INFO [main] org.apache.catalina.core.ApplicationContext.log ContextListener: attributeAdded('StockTicker', 'async.Stockticker@24a1c17f')
03-Jun-2021 18:01:30.665 INFO [Thread-4] org.apache.catalina.core.ApplicationContext.log SessionListener: contextDestroyed()
03-Jun-2021 18:01:30.665 INFO [Thread-4] org.apache.catalina.core.ApplicationContext.log ContextListener: contextDestroyed()
03-Jun-2021 18:01:36.798 INFO [main] org.apache.catalina.core.ApplicationContext.log ContextListener: contextInitialized()
03-Jun-2021 18:01:36.799 INFO [main] org.apache.catalina.core.ApplicationContext.log SessionListener: contextInitialized()
03-Jun-2021 18:01:36.805 INFO [main] org.apache.catalina.core.ApplicationContext.log ContextListener: attributeAdded('StockTicker', 'async.Stockticker@46cc127b')
03-Jun-2021 18:04:04.082 INFO [Thread-4] org.apache.catalina.core.ApplicationContext.log SessionListener: contextDestroyed()
03-Jun-2021 18:04:04.083 INFO [Thread-4] org.apache.catalina.core.ApplicationContext.log ContextListener: contextDestroyed()
03-Jun-2021 18:04:10.816 INFO [main] org.apache.catalina.core.ApplicationContext.log ContextListener: contextInitialized()
03-Jun-2021 18:04:10.816 INFO [main] org.apache.catalina.core.ApplicationContext.log SessionListener: contextInitialized()
03-Jun-2021 18:04:10.820 INFO [main] org.apache.catalina.core.ApplicationContext.log ContextListener: attributeAdded('StockTicker', 'async.Stockticker@1494b84d')
03-Jun-2021 18:08:08.642 INFO [Thread-5] org.apache.catalina.core.ApplicationContext.log SessionListener: contextDestroyed()
03-Jun-2021 18:08:08.643 INFO [Thread-5] org.apache.catalina.core.ApplicationContext.log ContextListener: contextDestroyed()
03-Jun-2021 18:15:16.791 INFO [main] org.apache.catalina.core.ApplicationContext.log ContextListener: contextInitialized()
03-Jun-2021 18:15:16.791 INFO [main] org.apache.catalina.core.ApplicationContext.log SessionListener: contextInitialized()
03-Jun-2021 18:15:16.793 INFO [main] org.apache.catalina.core.ApplicationContext.log ContextListener: attributeAdded('StockTicker', 'async.Stockticker@cc6460c')
03-Jun-2021 18:24:47.486 INFO [Thread-4] org.apache.catalina.core.ApplicationContext.log SessionListener: contextDestroyed()
03-Jun-2021 18:24:47.487 INFO [Thread-4] org.apache.catalina.core.ApplicationContext.log ContextListener: contextDestroyed()
03-Jun-2021 18:26:37.272 INFO [main] org.apache.catalina.core.ApplicationContext.log ContextListener: contextInitialized()
03-Jun-2021 18:26:37.273 INFO [main] org.apache.catalina.core.ApplicationContext.log SessionListener: contextInitialized()
03-Jun-2021 18:26:37.275 INFO [main] org.apache.catalina.core.ApplicationContext.log ContextListener: attributeAdded('StockTicker', 'async.Stockticker@3277e499')
03-Jun-2021 18:29:19.841 INFO [Thread-4] org.apache.catalina.core.ApplicationContext.log SessionListener: contextDestroyed()
03-Jun-2021 18:29:19.841 INFO [Thread-4] org.apache.catalina.core.ApplicationContext.log ContextListener: contextDestroyed()
03-Jun-2021 18:29:30.407 INFO [main] org.apache.catalina.core.ApplicationContext.log ContextListener: contextInitialized()
03-Jun-2021 18:29:30.408 INFO [main] org.apache.catalina.core.ApplicationContext.log SessionListener: contextInitialized()
03-Jun-2021 18:29:30.410 INFO [main] org.apache.catalina.core.ApplicationContext.log ContextListener: attributeAdded('StockTicker', 'async.Stockticker@226f885f')
03-Jun-2021 18:40:06.862 INFO [Thread-4] org.apache.catalina.core.ApplicationContext.log SessionListener: contextDestroyed()
03-Jun-2021 18:40:06.862 INFO [Thread-4] org.apache.catalina.core.ApplicationContext.log ContextListener: contextDestroyed()
03-Jun-2021 18:40:16.165 INFO [main] org.apache.catalina.core.ApplicationContext.log ContextListener: contextInitialized()
03-Jun-2021 18:40:16.165 INFO [main] org.apache.catalina.core.ApplicationContext.log SessionListener: contextInitialized()
03-Jun-2021 18:40:16.168 INFO [main] org.apache.catalina.core.ApplicationContext.log ContextListener: attributeAdded('StockTicker', 'async.Stockticker@63f34b70')
03-Jun-2021 18:48:02.024 INFO [Thread-4] org.apache.catalina.core.ApplicationContext.log SessionListener: contextDestroyed()
03-Jun-2021 18:48:02.024 INFO [Thread-4] org.apache.catalina.core.ApplicationContext.log ContextListener: contextDestroyed()
03-Jun-2021 18:48:08.501 INFO [main] org.apache.catalina.core.ApplicationContext.log ContextListener: contextInitialized()
03-Jun-2021 18:48:08.502 INFO [main] org.apache.catalina.core.ApplicationContext.log SessionListener: contextInitialized()
03-Jun-2021 18:48:08.508 INFO [main] org.apache.catalina.core.ApplicationContext.log ContextListener: attributeAdded('StockTicker', 'async.Stockticker@2f66e802')
03-Jun-2021 18:49:06.949 INFO [Thread-4] org.apache.catalina.core.ApplicationContext.log SessionListener: contextDestroyed()
03-Jun-2021 18:49:06.949 INFO [Thread-4] org.apache.catalina.core.ApplicationContext.log ContextListener: contextDestroyed()
03-Jun-2021 18:49:15.340 INFO [main] org.apache.catalina.core.ApplicationContext.log ContextListener: contextInitialized()
03-Jun-2021 18:49:15.341 INFO [main] org.apache.catalina.core.ApplicationContext.log SessionListener: contextInitialized()
03-Jun-2021 18:49:15.344 INFO [main] org.apache.catalina.core.ApplicationContext.log ContextListener: attributeAdded('StockTicker', 'async.Stockticker@63f34b70')
03-Jun-2021 18:49:44.759 INFO [Thread-4] org.apache.catalina.core.ApplicationContext.log SessionListener: contextDestroyed()
03-Jun-2021 18:49:44.759 INFO [Thread-4] org.apache.catalina.core.ApplicationContext.log ContextListener: contextDestroyed()
03-Jun-2021 18:51:36.325 INFO [main] org.apache.catalina.core.ApplicationContext.log ContextListener: contextInitialized()
03-Jun-2021 18:51:36.326 INFO [main] org.apache.catalina.core.ApplicationContext.log SessionListener: contextInitialized()
03-Jun-2021 18:51:36.329 INFO [main] org.apache.catalina.core.ApplicationContext.log ContextListener: attributeAdded('StockTicker', 'async.Stockticker@34abdee4')
03-Jun-2021 18:52:51.465 INFO [Thread-4] org.apache.catalina.core.ApplicationContext.log SessionListener: contextDestroyed()
03-Jun-2021 18:52:51.465 INFO [Thread-4] org.apache.catalina.core.ApplicationContext.log ContextListener: contextDestroyed()
03-Jun-2021 18:52:56.713 INFO [main] org.apache.catalina.core.ApplicationContext.log ContextListener: contextInitialized()
03-Jun-2021 18:52:56.713 INFO [main] org.apache.catalina.core.ApplicationContext.log SessionListener: contextInitialized()
03-Jun-2021 18:52:56.716 INFO [main] org.apache.catalina.core.ApplicationContext.log ContextListener: attributeAdded('StockTicker', 'async.Stockticker@641856')
03-Jun-2021 18:57:39.714 INFO [Thread-4] org.apache.catalina.core.ApplicationContext.log SessionListener: contextDestroyed()
03-Jun-2021 18:57:39.714 INFO [Thread-4] org.apache.catalina.core.ApplicationContext.log ContextListener: contextDestroyed()
03-Jun-2021 18:57:46.434 INFO [main] org.apache.catalina.core.ApplicationContext.log ContextListener: contextInitialized()
03-Jun-2021 18:57:46.435 INFO [main] org.apache.catalina.core.ApplicationContext.log SessionListener: contextInitialized()
03-Jun-2021 18:57:46.437 INFO [main] org.apache.catalina.core.ApplicationContext.log ContextListener: attributeAdded('StockTicker', 'async.Stockticker@655a5d9c')
03-Jun-2021 19:04:35.925 INFO [Thread-4] org.apache.catalina.core.ApplicationContext.log SessionListener: contextDestroyed()
03-Jun-2021 19:04:35.925 INFO [Thread-4] org.apache.catalina.core.ApplicationContext.log ContextListener: contextDestroyed()
03-Jun-2021 19:04:41.373 INFO [main] org.apache.catalina.core.ApplicationContext.log ContextListener: contextInitialized()
03-Jun-2021 19:04:41.373 INFO [main] org.apache.catalina.core.ApplicationContext.log SessionListener: contextInitialized()
03-Jun-2021 19:04:41.376 INFO [main] org.apache.catalina.core.ApplicationContext.log ContextListener: attributeAdded('StockTicker', 'async.Stockticker@226f885f')
03-Jun-2021 19:07:02.354 INFO [main] org.apache.catalina.core.ApplicationContext.log SessionListener: contextDestroyed()
03-Jun-2021 19:07:02.354 INFO [main] org.apache.catalina.core.ApplicationContext.log ContextListener: contextDestroyed()
