04-Jun-2021 18:07:39.604 INFO [main] org.apache.catalina.startup.VersionLoggerListener.log Server version name:   Apache Tomcat/9.0.29
04-Jun-2021 18:07:39.610 INFO [main] org.apache.catalina.startup.VersionLoggerListener.log Server built:          Nov 16 2019 17:29:07 UTC
04-Jun-2021 18:07:39.611 INFO [main] org.apache.catalina.startup.VersionLoggerListener.log Server version number: 9.0.29.0
04-Jun-2021 18:07:39.611 INFO [main] org.apache.catalina.startup.VersionLoggerListener.log OS Name:               Linux
04-Jun-2021 18:07:39.611 INFO [main] org.apache.catalina.startup.VersionLoggerListener.log OS Version:            4.15.0-54-generic
04-Jun-2021 18:07:39.611 INFO [main] org.apache.catalina.startup.VersionLoggerListener.log Architecture:          amd64
04-Jun-2021 18:07:39.612 INFO [main] org.apache.catalina.startup.VersionLoggerListener.log Java Home:             /usr/lib/jvm/java-11-openjdk-amd64
04-Jun-2021 18:07:39.612 INFO [main] org.apache.catalina.startup.VersionLoggerListener.log JVM Version:           11.0.8+10-post-Ubuntu-0ubuntu118.04.1
04-Jun-2021 18:07:39.612 INFO [main] org.apache.catalina.startup.VersionLoggerListener.log JVM Vendor:            Ubuntu
04-Jun-2021 18:07:39.612 INFO [main] org.apache.catalina.startup.VersionLoggerListener.log CATALINA_BASE:         /home/itl-madhu/Learning/apache-tomcat/instance-1
04-Jun-2021 18:07:39.612 INFO [main] org.apache.catalina.startup.VersionLoggerListener.log CATALINA_HOME:         /home/itl-madhu/Learning/apache-tomcat/tomcat-9
04-Jun-2021 18:07:39.640 INFO [main] org.apache.catalina.startup.VersionLoggerListener.log Command line argument: --add-opens=java.base/java.lang=ALL-UNNAMED
04-Jun-2021 18:07:39.642 INFO [main] org.apache.catalina.startup.VersionLoggerListener.log Command line argument: --add-opens=java.base/java.io=ALL-UNNAMED
04-Jun-2021 18:07:39.643 INFO [main] org.apache.catalina.startup.VersionLoggerListener.log Command line argument: --add-opens=java.rmi/sun.rmi.transport=ALL-UNNAMED
04-Jun-2021 18:07:39.643 INFO [main] org.apache.catalina.startup.VersionLoggerListener.log Command line argument: -Djava.util.logging.config.file=/home/itl-madhu/Learning/apache-tomcat/instance-1/conf/logging.properties
04-Jun-2021 18:07:39.644 INFO [main] org.apache.catalina.startup.VersionLoggerListener.log Command line argument: -Djava.util.logging.manager=org.apache.juli.ClassLoaderLogManager
04-Jun-2021 18:07:39.644 INFO [main] org.apache.catalina.startup.VersionLoggerListener.log Command line argument: -Djdk.tls.ephemeralDHKeySize=2048
04-Jun-2021 18:07:39.644 INFO [main] org.apache.catalina.startup.VersionLoggerListener.log Command line argument: -Djava.protocol.handler.pkgs=org.apache.catalina.webresources
04-Jun-2021 18:07:39.644 INFO [main] org.apache.catalina.startup.VersionLoggerListener.log Command line argument: -Dorg.apache.catalina.security.SecurityListener.UMASK=0027
04-Jun-2021 18:07:39.645 INFO [main] org.apache.catalina.startup.VersionLoggerListener.log Command line argument: -Dignore.endorsed.dirs=
04-Jun-2021 18:07:39.645 INFO [main] org.apache.catalina.startup.VersionLoggerListener.log Command line argument: -Dcatalina.base=/home/itl-madhu/Learning/apache-tomcat/instance-1
04-Jun-2021 18:07:39.645 INFO [main] org.apache.catalina.startup.VersionLoggerListener.log Command line argument: -Dcatalina.home=/home/itl-madhu/Learning/apache-tomcat/tomcat-9
04-Jun-2021 18:07:39.645 INFO [main] org.apache.catalina.startup.VersionLoggerListener.log Command line argument: -Djava.io.tmpdir=/home/itl-madhu/Learning/apache-tomcat/instance-1/temp
04-Jun-2021 18:07:39.645 INFO [main] org.apache.catalina.core.AprLifecycleListener.lifecycleEvent The APR based Apache Tomcat Native library which allows optimal performance in production environments was not found on the java.library.path: [/u01/app/oracle/product/12.2.0/dbhome_1/lib:/lib:/usr/lib:/usr/lib64:/usr/java/packages/lib:/usr/lib/x86_64-linux-gnu/jni:/lib/x86_64-linux-gnu:/usr/lib/x86_64-linux-gnu:/usr/lib/jni:/lib:/usr/lib]
04-Jun-2021 18:07:40.024 INFO [main] org.apache.coyote.AbstractProtocol.init Initializing ProtocolHandler ["https-jsse-nio-8180"]
04-Jun-2021 18:07:40.936 INFO [main] org.apache.coyote.AbstractProtocol.init Initializing ProtocolHandler ["ajp-nio-8109"]
04-Jun-2021 18:07:40.939 INFO [main] org.apache.catalina.startup.Catalina.load Server initialization in [1,617] milliseconds
04-Jun-2021 18:07:41.025 INFO [main] org.apache.catalina.core.StandardService.startInternal Starting service [Catalina]
04-Jun-2021 18:07:41.026 INFO [main] org.apache.catalina.core.StandardEngine.startInternal Starting Servlet engine: [Apache Tomcat/9.0.29]
04-Jun-2021 18:07:41.037 INFO [main] org.apache.catalina.startup.HostConfig.deployDirectory Deploying web application directory [/home/itl-madhu/Learning/apache-tomcat/instance-1/webapps/examples]
04-Jun-2021 18:07:41.629 INFO [main] org.apache.catalina.startup.HostConfig.deployDirectory Deployment of web application directory [/home/itl-madhu/Learning/apache-tomcat/instance-1/webapps/examples] has finished in [592] ms
04-Jun-2021 18:07:41.629 INFO [main] org.apache.catalina.startup.HostConfig.deployDirectory Deploying web application directory [/home/itl-madhu/Learning/apache-tomcat/instance-1/webapps/host-manager]
04-Jun-2021 18:07:41.677 INFO [main] org.apache.catalina.startup.HostConfig.deployDirectory Deployment of web application directory [/home/itl-madhu/Learning/apache-tomcat/instance-1/webapps/host-manager] has finished in [48] ms
04-Jun-2021 18:07:41.677 INFO [main] org.apache.catalina.startup.HostConfig.deployDirectory Deploying web application directory [/home/itl-madhu/Learning/apache-tomcat/instance-1/webapps/ROOT]
04-Jun-2021 18:07:41.706 INFO [main] org.apache.catalina.startup.HostConfig.deployDirectory Deployment of web application directory [/home/itl-madhu/Learning/apache-tomcat/instance-1/webapps/ROOT] has finished in [28] ms
04-Jun-2021 18:07:41.706 INFO [main] org.apache.catalina.startup.HostConfig.deployDirectory Deploying web application directory [/home/itl-madhu/Learning/apache-tomcat/instance-1/webapps/docs]
04-Jun-2021 18:07:41.731 INFO [main] org.apache.catalina.startup.HostConfig.deployDirectory Deployment of web application directory [/home/itl-madhu/Learning/apache-tomcat/instance-1/webapps/docs] has finished in [25] ms
04-Jun-2021 18:07:41.731 INFO [main] org.apache.catalina.startup.HostConfig.deployDirectory Deploying web application directory [/home/itl-madhu/Learning/apache-tomcat/instance-1/webapps/manager]
04-Jun-2021 18:07:41.760 INFO [main] org.apache.catalina.startup.HostConfig.deployDirectory Deployment of web application directory [/home/itl-madhu/Learning/apache-tomcat/instance-1/webapps/manager] has finished in [29] ms
04-Jun-2021 18:07:41.767 INFO [main] org.apache.coyote.AbstractProtocol.start Starting ProtocolHandler ["https-jsse-nio-8180"]
04-Jun-2021 18:07:41.775 INFO [main] org.apache.coyote.AbstractProtocol.start Starting ProtocolHandler ["ajp-nio-8109"]
04-Jun-2021 18:07:41.781 INFO [main] org.apache.catalina.startup.Catalina.start Server startup in [841] milliseconds
04-Jun-2021 18:12:51.540 INFO [main] org.apache.catalina.core.StandardServer.await A valid shutdown command was received via the shutdown port. Stopping the Server instance.
04-Jun-2021 18:12:51.541 INFO [main] org.apache.coyote.AbstractProtocol.pause Pausing ProtocolHandler ["https-jsse-nio-8180"]
04-Jun-2021 18:12:51.548 INFO [main] org.apache.coyote.AbstractProtocol.pause Pausing ProtocolHandler ["ajp-nio-8109"]
04-Jun-2021 18:12:51.554 INFO [main] org.apache.catalina.core.StandardService.stopInternal Stopping service [Catalina]
04-Jun-2021 18:12:51.587 INFO [main] org.apache.coyote.AbstractProtocol.stop Stopping ProtocolHandler ["https-jsse-nio-8180"]
04-Jun-2021 18:12:51.589 INFO [main] org.apache.coyote.AbstractProtocol.stop Stopping ProtocolHandler ["ajp-nio-8109"]
04-Jun-2021 18:12:51.593 INFO [main] org.apache.coyote.AbstractProtocol.destroy Destroying ProtocolHandler ["https-jsse-nio-8180"]
04-Jun-2021 18:12:51.594 INFO [main] org.apache.coyote.AbstractProtocol.destroy Destroying ProtocolHandler ["ajp-nio-8109"]
